<?xml version="1.0" encoding="UTF-8"?>
<testng-results skipped="0" failed="0" total="1" passed="1">
  <reporter-output>
  </reporter-output>
  <suite name="Default suite" duration-ms="9224" started-at="2017-06-23T14:29:30Z" finished-at="2017-06-23T14:29:39Z">
    <groups>
    </groups>
    <test name="Default test" duration-ms="9224" started-at="2017-06-23T14:29:30Z" finished-at="2017-06-23T14:29:39Z">
      <class name="exam.preparation.ExamPreparationProject.PreparationTest">
        <test-method status="PASS" signature="prepareForTest()[pri:0, instance:exam.preparation.ExamPreparationProject.PreparationTest@76ba13c]" name="prepareForTest" is-config="true" duration-ms="6769" started-at="2017-06-23T17:29:30Z" finished-at="2017-06-23T17:29:37Z">
          <reporter-output>
          </reporter-output>
        </test-method> <!-- prepareForTest -->
        <test-method status="PASS" signature="testIfAccountCanBeCreated()[pri:0, instance:exam.preparation.ExamPreparationProject.PreparationTest@76ba13c]" name="testIfAccountCanBeCreated" duration-ms="71" started-at="2017-06-23T17:29:37Z" finished-at="2017-06-23T17:29:37Z">
          <reporter-output>
          </reporter-output>
        </test-method> <!-- testIfAccountCanBeCreated -->
        <test-method status="PASS" signature="closeBrowser()[pri:0, instance:exam.preparation.ExamPreparationProject.PreparationTest@76ba13c]" name="closeBrowser" is-config="true" duration-ms="2346" started-at="2017-06-23T17:29:37Z" finished-at="2017-06-23T17:29:39Z">
          <reporter-output>
          </reporter-output>
        </test-method> <!-- closeBrowser -->
      </class> <!-- exam.preparation.ExamPreparationProject.PreparationTest -->
    </test> <!-- Default test -->
  </suite> <!-- Default suite -->
</testng-results>
